Using pre-set license
Built from '2020.3/staging' branch; Version is '2020.3.3f1 (76626098c1c4) revision 7758432'; Using compiler version '192528614'; Build Type 'Release'
OS: 'Windows 10 Home Single Language; OS build 19041.572; Version 2004; 64bit' Language: 'ru' Physical Memory: 16307 MB
BatchMode: 1, IsHumanControllingUs: 0, StartBugReporterOnCrash: 0, Is64bit: 1, IsPro: 0

 COMMAND LINE ARGUMENTS:
C:\Programs\UnityEditor\2020.3.3f1\Editor\Unity.exe
-adb2
-batchMode
-noUpm
-name
AssetImportWorker0
-projectPath
D:/Games/UnityGameTry/FirsColor
-logFile
Logs/AssetImportWorker0.log
-srvPort
50083
Successfully changed project path to: D:/Games/UnityGameTry/FirsColor
D:/Games/UnityGameTry/FirsColor
Using Asset Import Pipeline V2.
Refreshing native plugins compatible for Editor in 54.93 ms, found 1 plugins.
Preloading 0 native plugins for Editor in 0.00 ms.
Initialize engine version: 2020.3.3f1 (76626098c1c4)
[Subsystems] Discovering subsystems at path C:/Programs/UnityEditor/2020.3.3f1/Editor/Data/Resources/UnitySubsystems
[Subsystems] Discovering subsystems at path D:/Games/UnityGameTry/FirsColor/Assets
GfxDevice: creating device client; threaded=0
Direct3D:
    Version:  Direct3D 11.0 [level 11.0]
    Renderer: NVIDIA GeForce GTX 960M (ID=0x139b)
    Vendor:   
    VRAM:     4065 MB
    Driver:   22.21.13.8205
Initialize mono
Mono path[0] = 'C:/Programs/UnityEditor/2020.3.3f1/Editor/Data/Managed'
Mono path[1] = 'C:/Programs/UnityEditor/2020.3.3f1/Editor/Data/MonoBleedingEdge/lib/mono/unityjit'
Mono config path = 'C:/Programs/UnityEditor/2020.3.3f1/Editor/Data/MonoBleedingEdge/etc'
Using monoOptions --debugger-agent=transport=dt_socket,embedding=1,server=y,suspend=n,address=127.0.0.1:56668
Begin MonoManager ReloadAssembly
Registering precompiled unity dll's ...
Register platform support module: C:/Programs/UnityEditor/2020.3.3f1/Editor/Data/PlaybackEngines/WebGLSupport/UnityEditor.WebGL.Extensions.dll
Register platform support module: C:/Programs/UnityEditor/2020.3.3f1/Editor/Data/PlaybackEngines/WindowsStandaloneSupport/UnityEditor.WindowsStandalone.Extensions.dll
Registered in 0.002761 seconds.
Native extension for WindowsStandalone target not found
Native extension for WebGL target not found
Refreshing native plugins compatible for Editor in 52.26 ms, found 1 plugins.
Preloading 0 native plugins for Editor in 0.00 ms.
Unable to find bridge dll in registry for Microsoft Visual Studio Tools for Unity for C:\Program Files (x86)\Microsoft Visual Studio\2019\Community\Common7\IDE\devenv.exe
Invoked RoslynAnalysisRunner static constructor.
RoslynAnalysisRunner will not be running.
RoslynAnalysisRunner has terminated.
Mono: successfully reloaded assembly
- Completed reload, in  2.247 seconds
Platform modules already initialized, skipping
Registering precompiled user dll's ...
Registered in 0.003082 seconds.
Begin MonoManager ReloadAssembly
Native extension for WindowsStandalone target not found
Native extension for WebGL target not found
Refreshing native plugins compatible for Editor in 49.75 ms, found 1 plugins.
Preloading 0 native plugins for Editor in 0.00 ms.
Invoked RoslynAnalysisRunner static constructor.
RoslynAnalysisRunner will not be running.
RoslynAnalysisRunner has terminated.
Mono: successfully reloaded assembly
- Completed reload, in  1.088 seconds
Platform modules already initialized, skipping
========================================================================
Worker process is ready to serve import requests
Launched and connected shader compiler UnityShaderCompiler.exe after 0.05 seconds
Refreshing native plugins compatible for Editor in 0.66 ms, found 1 plugins.
Preloading 0 native plugins for Editor in 0.00 ms.
Unloading 1940 Unused Serialized files (Serialized files now loaded: 0)
System memory in use before: 88.7 MB.
System memory in use after: 88.7 MB.

Unloading 56 unused Assets to reduce memory usage. Loaded Objects now: 2367.
Total: 2.512400 ms (FindLiveObjects: 0.324400 ms CreateObjectMapping: 0.129800 ms MarkObjects: 1.952100 ms  DeleteObjects: 0.104500 ms)

========================================================================
Received Import Request.
  path: Assets/Plugins
  artifactKey: Guid(f7575b02fc60340679b38904168d2b88) Importer(815301076,1909f56bfc062723c751e8b465ee728b)
Start importing Assets/Plugins using Guid(f7575b02fc60340679b38904168d2b88) Importer(815301076,1909f56bfc062723c751e8b465ee728b)  -> (artifact id: 'c467705a30a6db08dbca3672fa384143') in 0.009927 seconds
  Import took 0.029807 seconds .

========================================================================
Received Import Request.
  Time since last request: 0.000267 seconds.
  path: Assets/Plugins/Android
  artifactKey: Guid(ba70612195f2643b68c0e664545238a4) Importer(815301076,1909f56bfc062723c751e8b465ee728b)
Start importing Assets/Plugins/Android using Guid(ba70612195f2643b68c0e664545238a4) Importer(815301076,1909f56bfc062723c751e8b465ee728b)  -> (artifact id: '407209f0d52a1e86bd84df99a3b27eaa') in 0.006403 seconds
  Import took 0.009673 seconds .

========================================================================
Received Import Request.
  Time since last request: 35.954106 seconds.
  path: Assets/Scripts/GameCntrl.cs
  artifactKey: Guid(dd6f0f1d8e6d67b4db7f6ebdc5bf7e00) Importer(815301076,1909f56bfc062723c751e8b465ee728b)
Start importing Assets/Scripts/GameCntrl.cs using Guid(dd6f0f1d8e6d67b4db7f6ebdc5bf7e00) Importer(815301076,1909f56bfc062723c751e8b465ee728b)  -> (artifact id: 'ec66b4924581f585165e7057287a86dd') in 0.052989 seconds
  Import took 0.087774 seconds .

========================================================================
Received Prepare
Registering precompiled user dll's ...
Registered in 0.003836 seconds.
Begin MonoManager ReloadAssembly
Native extension for WindowsStandalone target not found
Native extension for WebGL target not found
Refreshing native plugins compatible for Editor in 1.36 ms, found 1 plugins.
Preloading 0 native plugins for Editor in 0.00 ms.
Invoked RoslynAnalysisRunner static constructor.
RoslynAnalysisRunner will not be running.
RoslynAnalysisRunner has terminated.
Mono: successfully reloaded assembly
- Completed reload, in  1.284 seconds
Platform modules already initialized, skipping
Switching build target platform(5) subTarget(0) extendedPlatform(0) -> platform(13) subTarget(537395200) extendedPlatform(0)
Refreshing native plugins compatible for Editor in 0.74 ms, found 1 plugins.
Preloading 0 native plugins for Editor in 0.00 ms.
Unloading 1933 Unused Serialized files (Serialized files now loaded: 0)
System memory in use before: 88.3 MB.
System memory in use after: 88.4 MB.

Unloading 44 unused Assets to reduce memory usage. Loaded Objects now: 2371.
Total: 2.644300 ms (FindLiveObjects: 0.406000 ms CreateObjectMapping: 0.120800 ms MarkObjects: 2.077600 ms  DeleteObjects: 0.037200 ms)

AssetImportParameters requested are different than current active one (requested -> active):
  custom:graphics/normal-map-encoding: 01000000000000000000000000000000 -> 02000000000000000000000000000000
========================================================================
Received Import Request.
  Time since last request: 156.884921 seconds.
  path: Assets/Scripts/GameCntrl.cs
  artifactKey: Guid(dd6f0f1d8e6d67b4db7f6ebdc5bf7e00) Importer(815301076,1909f56bfc062723c751e8b465ee728b)
Start importing Assets/Scripts/GameCntrl.cs using Guid(dd6f0f1d8e6d67b4db7f6ebdc5bf7e00) Importer(815301076,1909f56bfc062723c751e8b465ee728b)  -> (artifact id: '96108b9a36a7806e25dd124f66b51ded') in 0.006324 seconds
  Import took 0.011395 seconds .

AssetImportWorkerClient::OnTransportError - code=2 error=End of file
